{"/Users/laurenmontenegro/projects/open-source/react-boilerplate/src/App.tsx": {"path":"/Users/laurenmontenegro/projects/open-source/react-boilerplate/src/App.tsx","statementMap":{"0":{"start":{"line":7,"column":2},"end":{"line":9,"column":4}}},"fnMap":{"0":{"name":"App","decl":{"start":{"line":6,"column":9},"end":{"line":6,"column":12}},"loc":{"start":{"line":6,"column":15},"end":{"line":10,"column":1}},"line":6}},"branchMap":{},"s":{"0":1},"f":{"0":1},"b":{},"_coverageSchema":"1a1c01bbd47fc00a2c39e90264f33305004495a9","hash":"a4c76c9c80b41a9969d9795ef768450f007a85b1"}
,"/Users/laurenmontenegro/projects/open-source/react-boilerplate/src/app-view.tsx": {"path":"/Users/laurenmontenegro/projects/open-source/react-boilerplate/src/app-view.tsx","statementMap":{"0":{"start":{"line":6,"column":4},"end":{"line":16,"column":6}}},"fnMap":{"0":{"name":"AppView","decl":{"start":{"line":5,"column":9},"end":{"line":5,"column":16}},"loc":{"start":{"line":5,"column":19},"end":{"line":17,"column":1}},"line":5}},"branchMap":{},"s":{"0":1},"f":{"0":1},"b":{},"_coverageSchema":"1a1c01bbd47fc00a2c39e90264f33305004495a9","hash":"fa764d42e263cd14805ff33452e0e8c71cabdfc9"}
,"/Users/laurenmontenegro/projects/open-source/react-boilerplate/src/main.tsx": {"path":"/Users/laurenmontenegro/projects/open-source/react-boilerplate/src/main.tsx","statementMap":{"0":{"start":{"line":7,"column":0},"end":{"line":14,"column":1}}},"fnMap":{},"branchMap":{},"s":{"0":0},"f":{},"b":{}}
,"/Users/laurenmontenegro/projects/open-source/react-boilerplate/src/vite-env.d.ts": {"path":"/Users/laurenmontenegro/projects/open-source/react-boilerplate/src/vite-env.d.ts","statementMap":{},"fnMap":{},"branchMap":{},"s":{},"f":{},"b":{}}
,"/Users/laurenmontenegro/projects/open-source/react-boilerplate/src/app/store/hooks.ts": {"path":"/Users/laurenmontenegro/projects/open-source/react-boilerplate/src/app/store/hooks.ts","statementMap":{"0":{"start":{"line":4,"column":30},"end":{"line":4,"column":62}},"1":{"start":{"line":4,"column":36},"end":{"line":4,"column":62}},"2":{"start":{"line":5,"column":63},"end":{"line":5,"column":74}}},"fnMap":{"0":{"name":"(anonymous_0)","decl":{"start":{"line":4,"column":30},"end":{"line":4,"column":31}},"loc":{"start":{"line":4,"column":36},"end":{"line":4,"column":62}},"line":4}},"branchMap":{},"s":{"0":0,"1":0,"2":0},"f":{"0":0},"b":{}}
,"/Users/laurenmontenegro/projects/open-source/react-boilerplate/src/app/store/index.ts": {"path":"/Users/laurenmontenegro/projects/open-source/react-boilerplate/src/app/store/index.ts","statementMap":{},"fnMap":{},"branchMap":{},"s":{},"f":{},"b":{}}
,"/Users/laurenmontenegro/projects/open-source/react-boilerplate/src/app/store/store.ts": {"path":"/Users/laurenmontenegro/projects/open-source/react-boilerplate/src/app/store/store.ts","statementMap":{"0":{"start":{"line":6,"column":21},"end":{"line":10,"column":2}}},"fnMap":{},"branchMap":{},"s":{"0":0},"f":{},"b":{}}
,"/Users/laurenmontenegro/projects/open-source/react-boilerplate/src/features/authentication/slice/index.ts": {"path":"/Users/laurenmontenegro/projects/open-source/react-boilerplate/src/features/authentication/slice/index.ts","statementMap":{"0":{"start":{"line":14,"column":14},"end":{"line":30,"column":2}},"1":{"start":{"line":22,"column":12},"end":{"line":22,"column":38}},"2":{"start":{"line":23,"column":12},"end":{"line":23,"column":52}},"3":{"start":{"line":26,"column":12},"end":{"line":26,"column":30}},"4":{"start":{"line":27,"column":12},"end":{"line":27,"column":37}},"5":{"start":{"line":32,"column":33},"end":{"line":32,"column":70}},"6":{"start":{"line":32,"column":55},"end":{"line":32,"column":70}},"7":{"start":{"line":34,"column":39},"end":{"line":34,"column":52}}},"fnMap":{"0":{"name":"(anonymous_0)","decl":{"start":{"line":18,"column":17},"end":{"line":18,"column":18}},"loc":{"start":{"line":21,"column":13},"end":{"line":24,"column":9}},"line":21},"1":{"name":"(anonymous_1)","decl":{"start":{"line":25,"column":20},"end":{"line":25,"column":21}},"loc":{"start":{"line":25,"column":42},"end":{"line":28,"column":9}},"line":25},"2":{"name":"(anonymous_2)","decl":{"start":{"line":32,"column":33},"end":{"line":32,"column":34}},"loc":{"start":{"line":32,"column":55},"end":{"line":32,"column":70}},"line":32}},"branchMap":{},"s":{"0":1,"1":1,"2":1,"3":1,"4":1,"5":1,"6":0,"7":1},"f":{"0":1,"1":1,"2":0},"b":{},"_coverageSchema":"1a1c01bbd47fc00a2c39e90264f33305004495a9","hash":"6beeef34187adae7976c01aacfb187d575114e63"}
,"/Users/laurenmontenegro/projects/open-source/react-boilerplate/src/features/login/service/index.ts": {"path":"/Users/laurenmontenegro/projects/open-source/react-boilerplate/src/features/login/service/index.ts","statementMap":{},"fnMap":{},"branchMap":{},"s":{},"f":{},"b":{}}
,"/Users/laurenmontenegro/projects/open-source/react-boilerplate/src/features/login/service/service.ts": {"path":"/Users/laurenmontenegro/projects/open-source/react-boilerplate/src/features/login/service/service.ts","statementMap":{},"fnMap":{},"branchMap":{},"s":{},"f":{},"b":{}}
,"/Users/laurenmontenegro/projects/open-source/react-boilerplate/src/features/login/views/index.ts": {"path":"/Users/laurenmontenegro/projects/open-source/react-boilerplate/src/features/login/views/index.ts","statementMap":{},"fnMap":{},"branchMap":{},"s":{},"f":{},"b":{},"_coverageSchema":"1a1c01bbd47fc00a2c39e90264f33305004495a9","hash":"2a029a23183952fce63eaca6a863a467a4baf205"}
,"/Users/laurenmontenegro/projects/open-source/react-boilerplate/src/features/login/views/login-form.tsx": {"path":"/Users/laurenmontenegro/projects/open-source/react-boilerplate/src/features/login/views/login-form.tsx","statementMap":{"0":{"start":{"line":4,"column":4},"end":{"line":6,"column":6}}},"fnMap":{"0":{"name":"LoginForm","decl":{"start":{"line":3,"column":9},"end":{"line":3,"column":18}},"loc":{"start":{"line":3,"column":21},"end":{"line":7,"column":1}},"line":3}},"branchMap":{},"s":{"0":0},"f":{"0":0},"b":{},"_coverageSchema":"1a1c01bbd47fc00a2c39e90264f33305004495a9","hash":"82298f8217be9366ff57a3ba57ed63f124448ff3"}
,"/Users/laurenmontenegro/projects/open-source/react-boilerplate/src/features/login/views/login-page.tsx": {"path":"/Users/laurenmontenegro/projects/open-source/react-boilerplate/src/features/login/views/login-page.tsx","statementMap":{"0":{"start":{"line":5,"column":4},"end":{"line":5,"column":23}}},"fnMap":{"0":{"name":"LoginPage","decl":{"start":{"line":4,"column":9},"end":{"line":4,"column":18}},"loc":{"start":{"line":4,"column":21},"end":{"line":6,"column":1}},"line":4}},"branchMap":{},"s":{"0":0},"f":{"0":0},"b":{},"_coverageSchema":"1a1c01bbd47fc00a2c39e90264f33305004495a9","hash":"7502a79b0e6f55c8353988314ab8c927a1dc9b72"}
}
